#
# A fatal error has been detected by the Java Runtime Environment:
#
#  Internal Error (javaClasses.cpp:126), pid=10480, tid=10736
#  fatal error: Invalid layout of preloaded class
#
# JRE version:  (8.0_20-b26) (build )
# Java VM: Java HotSpot(TM) Client VM (25.20-b23 mixed mode windows-x86 )
# Failed to write core dump. Minidumps are not enabled by default on client versions of Windows
#
# If you would like to submit a bug report, please visit:
#   http://bugreport.sun.com/bugreport/crash.jsp
#

---------------  T H R E A D  ---------------

Current thread (0x001bdc00):  JavaThread "Unknown thread" [_thread_in_vm, id=10736, stack(0x01980000,0x019d0000)]

Stack: [0x01980000,0x019d0000],  sp=0x019cf8cc,  free space=318k
Native frames: (J=compiled Java code, j=interpreted, Vv=VM code, C=native code)
V  [jvm.dll+0x196ccb]
V  [jvm.dll+0x18fc56]
V  [jvm.dll+0x3b52a]
V  [jvm.dll+0x3b6e0]
V  [jvm.dll+0x4a2a3]
V  [jvm.dll+0x9d44e]
V  [jvm.dll+0x9d712]
V  [jvm.dll+0x144f11]
V  [jvm.dll+0x168e48]
V  [jvm.dll+0xda6d1]
C  [javaw.exe+0x13e4]
C  [javaw.exe+0x1eb7]
C  [javaw.exe+0xaba1]
C  [javaw.exe+0xac2b]
C  [kernel32.dll+0x4ee1c]
C  [ntdll.dll+0x637fb]
C  [ntdll.dll+0x637ce]
C  0x00000000


---------------  P R O C E S S  ---------------

Java Threads: ( => current thread )

Other Threads:

=>0x001bdc00 (exited) JavaThread "Unknown thread" [_thread_in_vm, id=10736, stack(0x01980000,0x019d0000)]

VM state:not at safepoint (not fully initialized)

VM Mutex/Monitor currently owned by a thread: None

GC Heap History (0 events):
No events

Deoptimization events (0 events):
No events

Internal exceptions (0 events):
No events

Events (10 events):
Event: 0.561 loading class java/lang/CharSequence done
Event: 0.561 loading class java/lang/String done
Event: 0.561 loading class java/lang/Class
Event: 0.561 loading class java/lang/reflect/AnnotatedElement
Event: 0.561 loading class java/lang/reflect/AnnotatedElement done
Event: 0.561 loading class java/lang/reflect/GenericDeclaration
Event: 0.561 loading class java/lang/reflect/GenericDeclaration done
Event: 0.561 loading class java/lang/reflect/Type
Event: 0.561 loading class java/lang/reflect/Type done
Event: 0.562 loading class java/lang/Class done


Dynamic libraries:
0x00970000 - 0x009a0000 	D:\Develop Tools\Java\jdk1.8.0_20\bin\javaw.exe
0x77310000 - 0x7744d000 	C:\Windows\SYSTEM32\ntdll.dll
0x75d20000 - 0x75df4000 	C:\Windows\system32\kernel32.dll
0x753e0000 - 0x7542b000 	C:\Windows\system32\KERNELBASE.dll
0x77270000 - 0x77310000 	C:\Windows\system32\ADVAPI32.dll
0x76ce0000 - 0x76d8c000 	C:\Windows\system32\msvcrt.dll
0x77120000 - 0x77139000 	C:\Windows\SYSTEM32\sechost.dll
0x77020000 - 0x770c2000 	C:\Windows\system32\RPCRT4.dll
0x76ab0000 - 0x76b79000 	C:\Windows\system32\USER32.dll
0x75a10000 - 0x75a5e000 	C:\Windows\system32\GDI32.dll
0x75a60000 - 0x75a6a000 	C:\Windows\system32\LPK.dll
0x77470000 - 0x7750d000 	C:\Windows\system32\USP10.dll
0x74860000 - 0x749fe000 	C:\Windows\WinSxS\x86_microsoft.windows.common-controls_6595b64144ccf1df_6.0.7601.17514_none_41e6975e2bd6f2b2\COMCTL32.dll
0x75b10000 - 0x75b67000 	C:\Windows\system32\SHLWAPI.dll
0x75a70000 - 0x75a8f000 	C:\Windows\system32\IMM32.DLL
0x76d90000 - 0x76e5c000 	C:\Windows\system32\MSCTF.dll
0x65a50000 - 0x65a76000 	C:\Program Files\McAfee\Host Intrusion Prevention\HIPSCore\hipi.dll
0x75d10000 - 0x75d15000 	C:\Windows\system32\PSAPI.DLL
0x74460000 - 0x74469000 	C:\Windows\system32\VERSION.dll
0x75740000 - 0x75775000 	C:\Windows\system32\WS2_32.dll
0x77460000 - 0x77466000 	C:\Windows\system32\NSI.dll
0x64200000 - 0x6420b000 	C:\Windows\system32\HIPIS0e011b8.dll
0x6af70000 - 0x6af7d000 	C:\Program Files\McAfee\Host Intrusion Prevention\HIPSCore\HIPQA.dll
0x76b80000 - 0x76cdc000 	C:\Windows\system32\ole32.dll
0x78240000 - 0x782ff000 	D:\Develop Tools\Java\jdk1.8.0_20\jre\bin\msvcr100.dll
0x6c840000 - 0x6cbe2000 	D:\Develop Tools\Java\jdk1.8.0_20\jre\bin\client\jvm.dll
0x71fc0000 - 0x71fc7000 	C:\Windows\system32\WSOCK32.dll
0x737f0000 - 0x73822000 	C:\Windows\system32\WINMM.dll
0x72a00000 - 0x72a0c000 	D:\Develop Tools\Java\jdk1.8.0_20\jre\bin\verify.dll
0x729d0000 - 0x729f1000 	D:\Develop Tools\Java\jdk1.8.0_20\jre\bin\java.dll
0x72930000 - 0x72959000 	D:\Develop Tools\Java\jdk1.8.0_20\jre\bin\jdwp.dll
0x729c0000 - 0x729c7000 	D:\Develop Tools\Java\jdk1.8.0_20\jre\bin\npt.dll
0x72850000 - 0x72863000 	D:\Develop Tools\Java\jdk1.8.0_20\jre\bin\zip.dll
0x72a70000 - 0x72b5b000 	C:\Windows\system32\dbghelp.dll

VM Arguments:
jvm_args: -agentlib:jdwp=transport=dt_socket,suspend=y,address=localhost:54494 -Dfile.encoding=GBK -Xbootclasspath:D:\android-sdk\platforms\android-18\android.jar 
java_command: eden.sun.childrenguard.util.RequestHelper
java_class_path (initial): D:\githubWorkspace\children-guard\app\parent-end\ChildrenGuard\bin\classes;D:\githubWorkspace\children-guard\app\parent-end\ChildrenGuard\libs\jetty-util-9.3.0.M0.jar;D:\githubWorkspace\children-guard\app\parent-end\ChildrenGuard\libs\slf4j-api-1.7.7.jar;D:\githubWorkspace\children-guard\app\parent-end\ChildrenGuard\libs\gson-2.3.jar;D:\githubWorkspace\children-guard\app\parent-end\ChildrenGuard\libs\volley.jar;D:\githubWorkspace\children-guard\app\parent-end\android-support-v7-appcompat\libs\android-support-v4.jar;D:\githubWorkspace\children-guard\app\parent-end\ChildrenGuard\libs\bayeux-api-3.0.1.jar;D:\githubWorkspace\children-guard\app\parent-end\ChildrenGuard\libs\jetty-http-9.3.0.M0.jar;D:\githubWorkspace\children-guard\app\parent-end\ChildrenGuard\libs\slf4j-simple-1.7.7.jar;D:\githubWorkspace\children-guard\app\parent-end\ChildrenGuard\libs\jetty-io-9.3.0.M0.jar;D:\githubWorkspace\children-guard\app\parent-end\ChildrenGuard\libs\jetty-util-ajax-9.3.0.M0.jar;D:\githubWorkspace\children-guard\app\parent-end\ChildrenGuard\libs\cometd-java-common-3.0.1.jar;D:\githubWorkspace\children-guard\app\parent-end\ChildrenGuard\libs\childrenguard-server-dto-v1.0.jar;D:\githubWorkspace\children-guard\app\parent-end\android-support-v7-appcompat\libs\android-support-v7-appcompat.jar;D:\githubWorkspace\children-guard\app\parent-end\ChildrenGuard\libs\cometd-java-client-3.0.1.jar;D:\githubWorkspace\children-guard\app\parent-end\ChildrenGuard\libs\jetty-client-9.3.0.M0.jar;D:\githubWorkspace\children-guard\app\parent-end\android-support-v7-appcompat\bin\android-support-v7-appcompat.jar;D:\githubWorkspace\children-guard\app\parent-end\android-switch-backport\library\bin\android-switch-backport.jar
Launcher Type: SUN_STANDARD

Environment Variables:
JAVA_HOME=D:\Develop Tools\Java\jdk1.8.0_20
CLASSPATH=.;D:\CitiPay\SMIMETool\run;D:\CitiPay\SMIMETool\jar\activation.jar;D:\CitiPay\SMIMETool\jar\entarchive.jar;D:\CitiPay\SMIMETool\jar\entbase.jar;D:\CitiPay\SMIMETool\jar\entcapi.jar;D:\CitiPay\SMIMETool\jar\entcardms.jar;D:\CitiPay\SMIMETool\jar\entcms.jar;D:\CitiPay\SMIMETool\jar\enteli.jar;D:\CitiPay\SMIMETool\jar\enthttp.jar;D:\CitiPay\SMIMETool\jar\entjsse.jar;D:\CitiPay\SMIMETool\jar\entkeystore.jar;D:\CitiPay\SMIMETool\jar\entmisc.jar;D:\CitiPay\SMIMETool\jar\entnsext.jar;D:\CitiPay\SMIMETool\jar\entp11.jar;D:\CitiPay\SMIMETool\jar\entp12.jar;D:\CitiPay\SMIMETool\jar\entp5.jar;D:\CitiPay\SMIMETool\jar\entp7.jar;D:\CitiPay\SMIMETool\jar\entroaming.jar;D:\CitiPay\SMIMETool\jar\entserverlogin.jar;D:\CitiPay\SMIMETool\jar\entsmime.jar;D:\CitiPay\SMIMETool\jar\entsmimev3.jar;D:\CitiPay\SMIMETool\jar\entssl.jar;D:\CitiPay\SMIMETool\jar\enttoolkit.jar;D:\CitiPay\SMIMETool\jar\enttunnel.jar;D:\CitiPay\SMIMETool\jar\entuser.jar;D:\CitiPay\SMIMETool\jar\entxml.jar;D:\CitiPay\SMIMETool\jar\mail.jar;D:\CitiPay\SMIMETool\jar\providerutil.jar;D:\CitiPay\SMIMETool\jar\ext\local_policy.jar;D:\CitiPay\SMIMETool\jar\ext\US_export_policy.jar;
PATH=D:\Develop Tools\Java\jdk1.8.0_20\jre\bin;C:/Program Files/Java/jre1.8.0_25/bin/client;C:/Program Files/Java/jre1.8.0_25/bin;C:/Program Files/Java/jre1.8.0_25/lib/i386;%JAVA_HOME%\bin;C:\ProgramData\Oracle\Java\javapath;c:\Program Files\Intel\iCLS Client\;C:\Windows\system32;C:\Windows;C:\Windows\System32\Wbem;C:\Windows\System32\WindowsPowerShell\v1.0\;C:\Program Files\Intel\Intel(R) Management Engine Components\DAL;C:\Program Files\Intel\Intel(R) Management Engine Components\IPT;c:\Program Files\WIDCOMM\Bluetooth Software\;C:\Program Files\IBM\Client Access\Emulator;C:\Program Files\IBM\Client Access\Shared;C:\Program Files\IBM\Client Access\;C:\Program Files\Common Files\Roxio Shared\DLLShared\;C:\Program Files\Common Files\Roxio Shared\10.0\DLLShared\;C:\Program Files\SinoVoice\jTTS 5.0 Desktop\Bin;C:\Program Files\Common Files\Autodesk Shared\;C:\PROGRA~1\BPCSCS\BPCSOO\SYSTEM;C:\Program Files\Intel\OpenCL SDK\2.0\bin\x86;C:\Program Files\nodejs\;D:\Program Files\MySQL\MySQL Utilities 1.3.6\;C:\Program Files\Microsoft SQL Server\80\Tools\Binn\;C:\Windows\System32\WindowsPowerShell\v1.0\;D:\CitiPay\SMIMETool\run;C:\Program Files\nodejs;D:\Develop Tools\apache-maven-3.2.1\bin;C:\Program Files\CVSNT\;C:\Users\a4t9czz\AppData\Roaming\npm;D:\eclipseLuna;
USERNAME=A4T9CZZ
OS=Windows_NT
PROCESSOR_IDENTIFIER=x86 Family 6 Model 58 Stepping 9, GenuineIntel



---------------  S Y S T E M  ---------------

OS: Windows 7 Build 7601 Service Pack 1

CPU:total 4 (2 cores per cpu, 2 threads per core) family 6 model 58 stepping 9, cmov, cx8, fxsr, mmx, sse, sse2, sse3, ssse3, sse4.1, sse4.2, popcnt, avx, aes, clmul, erms, ht, tsc, tscinvbit, tscinv

Memory: 4k page, physical 3024412k(689940k free), swap 6047080k(1657216k free)

vm_info: Java HotSpot(TM) Client VM (25.20-b23) for windows-x86 JRE (1.8.0_20-b26), built on Jul 30 2014 18:14:41 by "java_re" with MS VC++ 10.0 (VS2010)

time: Fri Oct 24 09:47:39 2014
elapsed time: 0 seconds (0d 0h 0m 0s)

